Traceback (most recent call last):
  File "C:\Users\josed\anaconda3\envs\jbookentorno\lib\site-packages\jupyter_cache\executors\utils.py", line 56, in single_nb_execution
    record_timing=False,
  File "C:\Users\josed\anaconda3\envs\jbookentorno\lib\site-packages\nbclient\client.py", line 1204, in execute
    return NotebookClient(nb=nb, resources=resources, km=km, **kwargs).execute()
  File "C:\Users\josed\anaconda3\envs\jbookentorno\lib\site-packages\nbclient\util.py", line 84, in wrapped
    return just_run(coro(*args, **kwargs))
  File "C:\Users\josed\anaconda3\envs\jbookentorno\lib\site-packages\nbclient\util.py", line 62, in just_run
    return loop.run_until_complete(coro)
  File "C:\Users\josed\anaconda3\envs\jbookentorno\lib\asyncio\base_events.py", line 587, in run_until_complete
    return future.result()
  File "C:\Users\josed\anaconda3\envs\jbookentorno\lib\site-packages\nbclient\client.py", line 664, in async_execute
    cell, index, execution_count=self.code_cells_executed + 1
  File "C:\Users\josed\anaconda3\envs\jbookentorno\lib\site-packages\nbclient\client.py", line 965, in async_execute_cell
    await self._check_raise_for_error(cell, cell_index, exec_reply)
  File "C:\Users\josed\anaconda3\envs\jbookentorno\lib\site-packages\nbclient\client.py", line 862, in _check_raise_for_error
    raise CellExecutionError.from_cell_and_msg(cell, exec_reply_content)
nbclient.exceptions.CellExecutionError: An error occurred while executing the following cell:
------------------
# Importar datos
df = pd.read_excel(r".\_data\IGBVL.xlsx")
# Generación de serie tipo fecha y asignación de índice
df["date"] = pd.date_range(start='2000-01',
                           end='2024-07',
                           freq = "M")
df = df.set_index("date")
df.head(5)
------------------

[1;31m---------------------------------------------------------------------------[0m
[1;31mFileNotFoundError[0m                         Traceback (most recent call last)
[1;32m~\AppData\Local\Temp\ipykernel_24280\3494179654.py[0m in [0;36m<module>[1;34m[0m
[0;32m      1[0m [1;31m# Importar datos[0m[1;33m[0m[1;33m[0m[1;33m[0m[0m
[1;32m----> 2[1;33m [0mdf[0m [1;33m=[0m [0mpd[0m[1;33m.[0m[0mread_excel[0m[1;33m([0m[1;34mr".\_data\IGBVL.xlsx"[0m[1;33m)[0m[1;33m[0m[1;33m[0m[0m
[0m[0;32m      3[0m [1;31m# Generación de serie tipo fecha y asignación de índice[0m[1;33m[0m[1;33m[0m[1;33m[0m[0m
[0;32m      4[0m df["date"] = pd.date_range(start='2000-01',
[0;32m      5[0m                            [0mend[0m[1;33m=[0m[1;34m'2024-07'[0m[1;33m,[0m[1;33m[0m[1;33m[0m[0m

[1;32m~\anaconda3\envs\jbookentorno\lib\site-packages\pandas\util\_decorators.py[0m in [0;36mwrapper[1;34m(*args, **kwargs)[0m
[0;32m    309[0m                     [0mstacklevel[0m[1;33m=[0m[0mstacklevel[0m[1;33m,[0m[1;33m[0m[1;33m[0m[0m
[0;32m    310[0m                 )
[1;32m--> 311[1;33m             [1;32mreturn[0m [0mfunc[0m[1;33m([0m[1;33m*[0m[0margs[0m[1;33m,[0m [1;33m**[0m[0mkwargs[0m[1;33m)[0m[1;33m[0m[1;33m[0m[0m
[0m[0;32m    312[0m [1;33m[0m[0m
[0;32m    313[0m         [1;32mreturn[0m [0mwrapper[0m[1;33m[0m[1;33m[0m[0m

[1;32m~\anaconda3\envs\jbookentorno\lib\site-packages\pandas\io\excel\_base.py[0m in [0;36mread_excel[1;34m(io, sheet_name, header, names, index_col, usecols, squeeze, dtype, engine, converters, true_values, false_values, skiprows, nrows, na_values, keep_default_na, na_filter, verbose, parse_dates, date_parser, thousands, comment, skipfooter, convert_float, mangle_dupe_cols, storage_options)[0m
[0;32m    362[0m     [1;32mif[0m [1;32mnot[0m [0misinstance[0m[1;33m([0m[0mio[0m[1;33m,[0m [0mExcelFile[0m[1;33m)[0m[1;33m:[0m[1;33m[0m[1;33m[0m[0m
[0;32m    363[0m         [0mshould_close[0m [1;33m=[0m [1;32mTrue[0m[1;33m[0m[1;33m[0m[0m
[1;32m--> 364[1;33m         [0mio[0m [1;33m=[0m [0mExcelFile[0m[1;33m([0m[0mio[0m[1;33m,[0m [0mstorage_options[0m[1;33m=[0m[0mstorage_options[0m[1;33m,[0m [0mengine[0m[1;33m=[0m[0mengine[0m[1;33m)[0m[1;33m[0m[1;33m[0m[0m
[0m[0;32m    365[0m     [1;32melif[0m [0mengine[0m [1;32mand[0m [0mengine[0m [1;33m!=[0m [0mio[0m[1;33m.[0m[0mengine[0m[1;33m:[0m[1;33m[0m[1;33m[0m[0m
[0;32m    366[0m         raise ValueError(

[1;32m~\anaconda3\envs\jbookentorno\lib\site-packages\pandas\io\excel\_base.py[0m in [0;36m__init__[1;34m(self, path_or_buffer, engine, storage_options)[0m
[0;32m   1190[0m             [1;32melse[0m[1;33m:[0m[1;33m[0m[1;33m[0m[0m
[0;32m   1191[0m                 ext = inspect_excel_format(
[1;32m-> 1192[1;33m                     [0mcontent_or_path[0m[1;33m=[0m[0mpath_or_buffer[0m[1;33m,[0m [0mstorage_options[0m[1;33m=[0m[0mstorage_options[0m[1;33m[0m[1;33m[0m[0m
[0m[0;32m   1193[0m                 )
[0;32m   1194[0m                 [1;32mif[0m [0mext[0m [1;32mis[0m [1;32mNone[0m[1;33m:[0m[1;33m[0m[1;33m[0m[0m

[1;32m~\anaconda3\envs\jbookentorno\lib\site-packages\pandas\io\excel\_base.py[0m in [0;36minspect_excel_format[1;34m(content_or_path, storage_options)[0m
[0;32m   1069[0m [1;33m[0m[0m
[0;32m   1070[0m     with get_handle(
[1;32m-> 1071[1;33m         [0mcontent_or_path[0m[1;33m,[0m [1;34m"rb"[0m[1;33m,[0m [0mstorage_options[0m[1;33m=[0m[0mstorage_options[0m[1;33m,[0m [0mis_text[0m[1;33m=[0m[1;32mFalse[0m[1;33m[0m[1;33m[0m[0m
[0m[0;32m   1072[0m     ) as handle:
[0;32m   1073[0m         [0mstream[0m [1;33m=[0m [0mhandle[0m[1;33m.[0m[0mhandle[0m[1;33m[0m[1;33m[0m[0m

[1;32m~\anaconda3\envs\jbookentorno\lib\site-packages\pandas\io\common.py[0m in [0;36mget_handle[1;34m(path_or_buf, mode, encoding, compression, memory_map, is_text, errors, storage_options)[0m
[0;32m    709[0m         [1;32melse[0m[1;33m:[0m[1;33m[0m[1;33m[0m[0m
[0;32m    710[0m             [1;31m# Binary mode[0m[1;33m[0m[1;33m[0m[1;33m[0m[0m
[1;32m--> 711[1;33m             [0mhandle[0m [1;33m=[0m [0mopen[0m[1;33m([0m[0mhandle[0m[1;33m,[0m [0mioargs[0m[1;33m.[0m[0mmode[0m[1;33m)[0m[1;33m[0m[1;33m[0m[0m
[0m[0;32m    712[0m         [0mhandles[0m[1;33m.[0m[0mappend[0m[1;33m([0m[0mhandle[0m[1;33m)[0m[1;33m[0m[1;33m[0m[0m
[0;32m    713[0m [1;33m[0m[0m

[1;31mFileNotFoundError[0m: [Errno 2] No such file or directory: '.\\_data\\IGBVL.xlsx'
FileNotFoundError: [Errno 2] No such file or directory: '.\\_data\\IGBVL.xlsx'

